<?xml version="1.0" encoding="UTF-8"?>
<!-- Generated by org.testng.reporters.JUnitReportReporter -->
<testsuite name="Base.Base" tests="1" time="4.248" ignored="0" failures="0" timestamp="17 Feb 2018 11:04:44 GMT" skipped="0" hostname="Vish-PC" errors="0">
  <testcase name="TC1" time="4.248" classname="Base.Base"/>
</testsuite> <!-- Base.Base -->
